  Source.cpp
d:\github\comp371\assignment 2\lab01\lab_framework\source\source.cpp(195): warning C4244: 'initializing': conversion from 'double' to 'float', possible loss of data
d:\github\comp371\assignment 2\lab01\lab_framework\source\source.cpp(220): warning C4305: 'initializing': truncation from 'double' to 'float'
d:\github\comp371\assignment 2\lab01\lab_framework\source\source.cpp(230): warning C4305: 'initializing': truncation from 'double' to 'float'
d:\github\comp371\assignment 2\lab01\lab_framework\source\source.cpp(378): warning C4244: 'initializing': conversion from 'double' to 'float', possible loss of data
d:\github\comp371\assignment 2\lab01\lab_framework\source\source.cpp(637): warning C4305: '+=': truncation from 'double' to 'float'
d:\github\comp371\assignment 2\lab01\lab_framework\source\source.cpp(638): warning C4305: '+=': truncation from 'double' to 'float'
d:\github\comp371\assignment 2\lab01\lab_framework\source\source.cpp(649): warning C4305: '-=': truncation from 'double' to 'float'
d:\github\comp371\assignment 2\lab01\lab_framework\source\source.cpp(650): warning C4305: '-=': truncation from 'double' to 'float'
d:\github\comp371\assignment 2\lab01\lab_framework\source\source.cpp(661): warning C4305: '+=': truncation from 'double' to 'float'
d:\github\comp371\assignment 2\lab01\lab_framework\source\source.cpp(662): warning C4305: '+=': truncation from 'double' to 'float'
d:\github\comp371\assignment 2\lab01\lab_framework\source\source.cpp(673): warning C4305: '-=': truncation from 'double' to 'float'
d:\github\comp371\assignment 2\lab01\lab_framework\source\source.cpp(674): warning C4305: '-=': truncation from 'double' to 'float'
d:\github\comp371\assignment 2\lab01\lab_framework\source\source.cpp(685): warning C4305: '+=': truncation from 'double' to 'float'
d:\github\comp371\assignment 2\lab01\lab_framework\source\source.cpp(686): warning C4305: '+=': truncation from 'double' to 'float'
d:\github\comp371\assignment 2\lab01\lab_framework\source\source.cpp(700): warning C4305: '-=': truncation from 'double' to 'float'
d:\github\comp371\assignment 2\lab01\lab_framework\source\source.cpp(701): warning C4305: '-=': truncation from 'double' to 'float'
d:\github\comp371\assignment 2\lab01\lab_framework\source\source.cpp(801): warning C4305: '+=': truncation from 'double' to 'float'
d:\github\comp371\assignment 2\lab01\lab_framework\source\source.cpp(809): warning C4305: '-=': truncation from 'double' to 'float'
d:\github\comp371\assignment 2\lab01\lab_framework\source\source.cpp(843): warning C4244: '-=': conversion from 'double' to 'float', possible loss of data
d:\github\comp371\assignment 2\lab01\lab_framework\source\source.cpp(844): warning C4244: '-=': conversion from 'double' to 'float', possible loss of data
  Labs.vcxproj -> D:\Github\Comp371\Assignment 2\Lab01\Lab_Framework\VS2017\/../Bin/Labs-Debug.exe
