  Source.cpp
c:\users\sm\desktop\concordia\summer2023\comp 371\assignment1_40166837_1\assignment1_40166837\assignment1_40166837\assignment1_40166837\lab01\lab_framework\source\source.cpp(129): warning C4244: 'initializing': conversion from 'double' to 'float', possible loss of data
c:\users\sm\desktop\concordia\summer2023\comp 371\assignment1_40166837_1\assignment1_40166837\assignment1_40166837\assignment1_40166837\lab01\lab_framework\source\source.cpp(154): warning C4305: 'initializing': truncation from 'double' to 'float'
c:\users\sm\desktop\concordia\summer2023\comp 371\assignment1_40166837_1\assignment1_40166837\assignment1_40166837\assignment1_40166837\lab01\lab_framework\source\source.cpp(164): warning C4305: 'initializing': truncation from 'double' to 'float'
c:\users\sm\desktop\concordia\summer2023\comp 371\assignment1_40166837_1\assignment1_40166837\assignment1_40166837\assignment1_40166837\lab01\lab_framework\source\source.cpp(292): warning C4244: 'initializing': conversion from 'double' to 'float', possible loss of data
c:\users\sm\desktop\concordia\summer2023\comp 371\assignment1_40166837_1\assignment1_40166837\assignment1_40166837\assignment1_40166837\lab01\lab_framework\source\source.cpp(530): warning C4305: '+=': truncation from 'double' to 'float'
c:\users\sm\desktop\concordia\summer2023\comp 371\assignment1_40166837_1\assignment1_40166837\assignment1_40166837\assignment1_40166837\lab01\lab_framework\source\source.cpp(531): warning C4305: '+=': truncation from 'double' to 'float'
c:\users\sm\desktop\concordia\summer2023\comp 371\assignment1_40166837_1\assignment1_40166837\assignment1_40166837\assignment1_40166837\lab01\lab_framework\source\source.cpp(542): warning C4305: '-=': truncation from 'double' to 'float'
c:\users\sm\desktop\concordia\summer2023\comp 371\assignment1_40166837_1\assignment1_40166837\assignment1_40166837\assignment1_40166837\lab01\lab_framework\source\source.cpp(543): warning C4305: '-=': truncation from 'double' to 'float'
c:\users\sm\desktop\concordia\summer2023\comp 371\assignment1_40166837_1\assignment1_40166837\assignment1_40166837\assignment1_40166837\lab01\lab_framework\source\source.cpp(554): warning C4305: '+=': truncation from 'double' to 'float'
c:\users\sm\desktop\concordia\summer2023\comp 371\assignment1_40166837_1\assignment1_40166837\assignment1_40166837\assignment1_40166837\lab01\lab_framework\source\source.cpp(555): warning C4305: '+=': truncation from 'double' to 'float'
c:\users\sm\desktop\concordia\summer2023\comp 371\assignment1_40166837_1\assignment1_40166837\assignment1_40166837\assignment1_40166837\lab01\lab_framework\source\source.cpp(566): warning C4305: '-=': truncation from 'double' to 'float'
c:\users\sm\desktop\concordia\summer2023\comp 371\assignment1_40166837_1\assignment1_40166837\assignment1_40166837\assignment1_40166837\lab01\lab_framework\source\source.cpp(567): warning C4305: '-=': truncation from 'double' to 'float'
c:\users\sm\desktop\concordia\summer2023\comp 371\assignment1_40166837_1\assignment1_40166837\assignment1_40166837\assignment1_40166837\lab01\lab_framework\source\source.cpp(578): warning C4305: '+=': truncation from 'double' to 'float'
c:\users\sm\desktop\concordia\summer2023\comp 371\assignment1_40166837_1\assignment1_40166837\assignment1_40166837\assignment1_40166837\lab01\lab_framework\source\source.cpp(579): warning C4305: '+=': truncation from 'double' to 'float'
c:\users\sm\desktop\concordia\summer2023\comp 371\assignment1_40166837_1\assignment1_40166837\assignment1_40166837\assignment1_40166837\lab01\lab_framework\source\source.cpp(593): warning C4305: '-=': truncation from 'double' to 'float'
c:\users\sm\desktop\concordia\summer2023\comp 371\assignment1_40166837_1\assignment1_40166837\assignment1_40166837\assignment1_40166837\lab01\lab_framework\source\source.cpp(594): warning C4305: '-=': truncation from 'double' to 'float'
c:\users\sm\desktop\concordia\summer2023\comp 371\assignment1_40166837_1\assignment1_40166837\assignment1_40166837\assignment1_40166837\lab01\lab_framework\source\source.cpp(694): warning C4305: '+=': truncation from 'double' to 'float'
c:\users\sm\desktop\concordia\summer2023\comp 371\assignment1_40166837_1\assignment1_40166837\assignment1_40166837\assignment1_40166837\lab01\lab_framework\source\source.cpp(702): warning C4305: '-=': truncation from 'double' to 'float'
c:\users\sm\desktop\concordia\summer2023\comp 371\assignment1_40166837_1\assignment1_40166837\assignment1_40166837\assignment1_40166837\lab01\lab_framework\source\source.cpp(736): warning C4244: '-=': conversion from 'double' to 'float', possible loss of data
c:\users\sm\desktop\concordia\summer2023\comp 371\assignment1_40166837_1\assignment1_40166837\assignment1_40166837\assignment1_40166837\lab01\lab_framework\source\source.cpp(737): warning C4244: '-=': conversion from 'double' to 'float', possible loss of data
  Labs.vcxproj -> C:\Users\SM\Desktop\Concordia\Summer2023\Comp 371\Assignment1_40166837_1\Assignment1_40166837\Assignment1_40166837\Assignment1_40166837\Lab01\Lab_Framework\VS2017\/../Bin/Labs-Debug.exe
